<?xml version="1.0" encoding="UTF-8"?>
<!-- Generated by org.testng.reporters.JUnitReportReporter -->
<testsuite hostname="DESKTOP-IS6DLKP" failures="0" tests="3" name="vtiger.Practice.dataProvider" time="0.020" errors="0" timestamp="2023-07-18T20:24:38 IST" skipped="0">
  <testcase classname="vtiger.Practice.dataProvider" name="addtocarttest" time="0.017"/>
  <testcase classname="vtiger.Practice.dataProvider" name="addtocarttest" time="0.002"/>
  <testcase classname="vtiger.Practice.dataProvider" name="addtocarttest" time="0.001"/>
</testsuite> <!-- vtiger.Practice.dataProvider -->
